<?xml version="1.0" encoding="UTF-8"?>
<!-- Generated by org.testng.reporters.JUnitReportReporter -->
<testsuite hostname="SANDESH-SANKET" failures="0" tests="1" name="Test.MainPageTest" time="14.629" errors="0" timestamp="2022-05-05T20:37:02 IST" skipped="0">
  <testcase classname="Test.MainPageTest" name="buyStockTest" time="14.629"/>
  <system-out/>
</testsuite> <!-- Test.MainPageTest -->
