<?xml version="1.0" encoding="UTF-8"?>
<!-- Generated by org.testng.reporters.JUnitReportReporter -->
<testsuite hostname="SANDESH-SANKET" failures="0" tests="1" name="Test.ZerodhaLoginTest" time="14.144" errors="0" timestamp="2022-05-04T23:03:26 IST" skipped="0">
  <testcase classname="Test.ZerodhaLoginTest" name="ZerodhaloginWithValidCreadentials" time="14.144"/>
  <system-out/>
</testsuite> <!-- Test.ZerodhaLoginTest -->
